C:\VisualStudioProjects\Angular2MVC\Angula2MVC\app\app.component.js
C:\VisualStudioProjects\Angular2MVC\Angula2MVC\app\app.component.js.map
C:\VisualStudioProjects\Angular2MVC\Angula2MVC\app\components\home.component.js
C:\VisualStudioProjects\Angular2MVC\Angula2MVC\app\components\home.component.js.map
C:\VisualStudioProjects\Angular2MVC\Angula2MVC\app\Service\user.service.js
C:\VisualStudioProjects\Angular2MVC\Angula2MVC\app\Service\user.service.js.map
C:\VisualStudioProjects\Angular2MVC\Angula2MVC\app\Models\user.js
C:\VisualStudioProjects\Angular2MVC\Angula2MVC\app\Models\user.js.map
C:\VisualStudioProjects\Angular2MVC\Angula2MVC\app\Shared\enum.js
C:\VisualStudioProjects\Angular2MVC\Angula2MVC\app\Shared\enum.js.map
C:\VisualStudioProjects\Angular2MVC\Angula2MVC\app\Shared\global.js
C:\VisualStudioProjects\Angular2MVC\Angula2MVC\app\Shared\global.js.map
C:\VisualStudioProjects\Angular2MVC\Angula2MVC\app\components\manageuser.component.js
C:\VisualStudioProjects\Angular2MVC\Angula2MVC\app\components\manageuser.component.js.map
C:\VisualStudioProjects\Angular2MVC\Angula2MVC\app\components\user.component.js
C:\VisualStudioProjects\Angular2MVC\Angula2MVC\app\components\user.component.js.map
C:\VisualStudioProjects\Angular2MVC\Angula2MVC\app\app.routing.js
C:\VisualStudioProjects\Angular2MVC\Angula2MVC\app\app.routing.js.map
C:\VisualStudioProjects\Angular2MVC\Angula2MVC\app\Filter\user.pipe.js
C:\VisualStudioProjects\Angular2MVC\Angula2MVC\app\Filter\user.pipe.js.map
C:\VisualStudioProjects\Angular2MVC\Angula2MVC\app\Shared\search.component.js
C:\VisualStudioProjects\Angular2MVC\Angula2MVC\app\Shared\search.component.js.map
C:\VisualStudioProjects\Angular2MVC\Angula2MVC\app\Shared\errorhandler.js
C:\VisualStudioProjects\Angular2MVC\Angula2MVC\app\Shared\errorhandler.js.map
C:\VisualStudioProjects\Angular2MVC\Angula2MVC\app\app.module.js
C:\VisualStudioProjects\Angular2MVC\Angula2MVC\app\app.module.js.map
C:\VisualStudioProjects\Angular2MVC\Angula2MVC\app\main.js
C:\VisualStudioProjects\Angular2MVC\Angula2MVC\app\main.js.map
